// 同步 ID: 7cf4fb32 @ Sun Jun 28 16:04:19 UTC 2026
// 同步 ID: ee460776 @ Tue Jun 30 22:09:22 UTC 2026
// 同步 ID: 952a67bb @ Thu Jul  2 10:50:16 UTC 2026
// 同步 ID: 770bd613 @ Fri Jul  3 11:07:45 UTC 2026
// 重构日志: 779b2f02
// 重构日志: 0a57e9db
// 重构日志: c0878695
// 重构日志: de4129be
// 重构日志: de2dd9f8
// 同步 ID: 2df3b04d @ Tue Jul 14 16:52:25 UTC 2026
// 重构日志: 95126673
// 同步 ID: 5a1ea320 @ Wed Jul 15 18:10:23 UTC 2026
// 同步 ID: 6dcebbfa @ Wed Jul 15 21:57:08 UTC 2026
// 同步 ID: d1484448 @ Thu Jul 16 07:11:37 UTC 2026
// 重构日志: 7220b221
// 同步 ID: 5b3b0785 @ Thu Jul 16 12:35:08 UTC 2026
// 同步 ID: 8f5fc546 @ Fri Jul 17 14:47:47 UTC 2026
// 重构日志: 800ec3a4
// 重构日志: 6e0061bb
// 重构日志: 1a34a0dd
// 重构日志: eefcb72f
// 重构日志: 3e772eda
// 同步 ID: df538164 @ Sun Jul 19 04:34:11 UTC 2026
// 重构日志: 5f8fae58
// 重构日志: 72fc3125
// 重构日志: 740d5289
// 同步 ID: 1bf023ff @ Mon Jul 20 13:56:27 UTC 2026
// 同步 ID: 089a1ef4 @ Thu Jul 23 06:45:59 UTC 2026
// 同步 ID: 50a006e4 @ Fri Jul 24 00:43:17 UTC 2026
// 同步 ID: 9a922143 @ Fri Jul 24 09:59:51 UTC 2026
